<?xml version="1.0" encoding="UTF-8"?>
<testsuite xmlns:xsi="http://www.w3.org/2001/XMLSchema-instance" xsi:noNamespaceSchemaLocation="https://maven.apache.org/surefire/maven-surefire-plugin/xsd/surefire-test-report-3.0.xsd" version="3.0" name="TestSuite" time="591.093" tests="26" errors="0" skipped="0" failures="0">
  <properties>
[...]
</properties>
  <testcase name="runScenario[&quot;Scenario 1 - Login with valid username and password&quot;, &quot;Login Module&quot;](1)" classname="cucumberrunner.ChromeTestRunner" time="6.877">
    <system-out><![CDATA[
Scenario: Scenario 1 - Login with valid username and password     # src/test/resources/features/01_Login.feature:10
  Given User is on the OrangeHRM login page                       # stepDefinitions.Loginsteps.user_is_on_login_page()
  When User enters valid username "Admin" and password "admin123" # stepDefinitions.Loginsteps.user_enters_valid_credentials(java.lang.String,java.lang.String)
  And User clicks on the login button                             # stepDefinitions.Loginsteps.user_clicks_login()
  Then User should be redirected to the dashboard page            # stepDefinitions.Loginsteps.user_should_be_redirected_to_dashboard()
  And User logs out successfully                                  # stepDefinitions.Loginsteps.user_logs_out_successfully()
]]></system-out>
    <system-err><![CDATA[SLF4J: Failed to load class "org.slf4j.impl.StaticLoggerBinder".
SLF4J: Defaulting to no-operation (NOP) logger implementation
SLF4J: See http://www.slf4j.org/codes.html#StaticLoggerBinder for further details.
May 24, 2026 12:32:14 PM org.openqa.selenium.devtools.CdpVersionFinder findNearestMatch
WARNING: Unable to find CDP implementation matching 148
May 24, 2026 12:32:14 PM org.openqa.selenium.chromium.ChromiumDriver lambda$new$5
WARNING: Unable to find version of CDP to use for 148.0.7778.179. You may need to include a dependency on a specific version of the CDP using something similar to `org.seleniumhq.selenium:selenium-devtools-v86:4.18.1` where the version ("v86") matches the version of the chromium-based browser you're using and the version number of the artifact is the same as Selenium's.
]]></system-err>
  </testcase>
  <testcase name="runScenario[&quot;Scenario 2 - Login with invalid username&quot;, &quot;Login Module&quot;](2)" classname="cucumberrunner.ChromeTestRunner" time="4.819">
    <system-out><![CDATA[
Scenario: Scenario 2 - Login with invalid username                # src/test/resources/features/01_Login.feature:16
  Given User is on the OrangeHRM login page                       # stepDefinitions.Loginsteps.user_is_on_login_page()
  When User enters username "InvalidUser" and password "admin123" # stepDefinitions.Loginsteps.user_enters_credentials(java.lang.String,java.lang.String)
  And User clicks on the login button                             # stepDefinitions.Loginsteps.user_clicks_login()
  Then User should see error message "Invalid credentials"        # stepDefinitions.Loginsteps.user_should_see_error_message(java.lang.String)
]]></system-out>
    <system-err><![CDATA[May 24, 2026 12:32:21 PM org.openqa.selenium.devtools.CdpVersionFinder findNearestMatch
WARNING: Unable to find CDP implementation matching 148
May 24, 2026 12:32:21 PM org.openqa.selenium.chromium.ChromiumDriver lambda$new$5
WARNING: Unable to find version of CDP to use for 148.0.7778.179. You may need to include a dependency on a specific version of the CDP using something similar to `org.seleniumhq.selenium:selenium-devtools-v86:4.18.1` where the version ("v86") matches the version of the chromium-based browser you're using and the version number of the artifact is the same as Selenium's.
]]></system-err>
  </testcase>
  <testcase name="runScenario[&quot;Scenario 3 - Login with invalid password&quot;, &quot;Login Module&quot;](3)" classname="cucumberrunner.ChromeTestRunner" time="5.254">
    <system-out><![CDATA[
Scenario: Scenario 3 - Login with invalid password               # src/test/resources/features/01_Login.feature:21
  Given User is on the OrangeHRM login page                      # stepDefinitions.Loginsteps.user_is_on_login_page()
  When User enters username "Admin" and password "wrongpassword" # stepDefinitions.Loginsteps.user_enters_credentials(java.lang.String,java.lang.String)
  And User clicks on the login button                            # stepDefinitions.Loginsteps.user_clicks_login()
  Then User should see error message "Invalid credentials"       # stepDefinitions.Loginsteps.user_should_see_error_message(java.lang.String)
]]></system-out>
    <system-err><![CDATA[May 24, 2026 12:32:25 PM org.openqa.selenium.devtools.CdpVersionFinder findNearestMatch
WARNING: Unable to find CDP implementation matching 148
May 24, 2026 12:32:25 PM org.openqa.selenium.chromium.ChromiumDriver lambda$new$5
WARNING: Unable to find version of CDP to use for 148.0.7778.179. You may need to include a dependency on a specific version of the CDP using something similar to `org.seleniumhq.selenium:selenium-devtools-v86:4.18.1` where the version ("v86") matches the version of the chromium-based browser you're using and the version number of the artifact is the same as Selenium's.
]]></system-err>
  </testcase>
  <testcase name="runScenario[&quot;Scenario 4 - Login with blank credentials&quot;, &quot;Login Module&quot;](4)" classname="cucumberrunner.ChromeTestRunner" time="3.852">
    <system-out><![CDATA[
Scenario: Scenario 4 - Login with blank credentials # src/test/resources/features/01_Login.feature:26
  Given User is on the OrangeHRM login page         # stepDefinitions.Loginsteps.user_is_on_login_page()
  When User enters username "" and password ""      # stepDefinitions.Loginsteps.user_enters_credentials(java.lang.String,java.lang.String)
  And User clicks on the login button               # stepDefinitions.Loginsteps.user_clicks_login()
  Then User should see error message "Required"     # stepDefinitions.Loginsteps.user_should_see_error_message(java.lang.String)
]]></system-out>
    <system-err><![CDATA[May 24, 2026 12:32:31 PM org.openqa.selenium.devtools.CdpVersionFinder findNearestMatch
WARNING: Unable to find CDP implementation matching 148
May 24, 2026 12:32:31 PM org.openqa.selenium.chromium.ChromiumDriver lambda$new$5
WARNING: Unable to find version of CDP to use for 148.0.7778.179. You may need to include a dependency on a specific version of the CDP using something similar to `org.seleniumhq.selenium:selenium-devtools-v86:4.18.1` where the version ("v86") matches the version of the chromium-based browser you're using and the version number of the artifact is the same as Selenium's.
]]></system-err>
  </testcase>
  <testcase name="runScenario[&quot;Scenario 5 - Verify all UI elements on Login page&quot;, &quot;Login Module&quot;](5)" classname="cucumberrunner.ChromeTestRunner" time="3.884">
    <system-out><![CDATA[
Scenario: Scenario 5 - Verify all UI elements on Login page # src/test/resources/features/01_Login.feature:31
  Given User is on the OrangeHRM login page                 # stepDefinitions.Loginsteps.user_is_on_login_page()
  Then User should see username and password input fields   # stepDefinitions.Loginsteps.user_should_see_username_and_password_fields()
  And User should see the login button                      # stepDefinitions.Loginsteps.user_should_see_login_button()
  And User should see the forgot password link              # stepDefinitions.Loginsteps.user_should_see_forgot_password_link()
  And User should see corporate logos and branding          # stepDefinitions.Loginsteps.user_should_see_logos_and_branding()
]]></system-out>
    <system-err><![CDATA[May 24, 2026 12:32:35 PM org.openqa.selenium.devtools.CdpVersionFinder findNearestMatch
WARNING: Unable to find CDP implementation matching 148
May 24, 2026 12:32:35 PM org.openqa.selenium.chromium.ChromiumDriver lambda$new$5
WARNING: Unable to find version of CDP to use for 148.0.7778.179. You may need to include a dependency on a specific version of the CDP using something similar to `org.seleniumhq.selenium:selenium-devtools-v86:4.18.1` where the version ("v86") matches the version of the chromium-based browser you're using and the version number of the artifact is the same as Selenium's.
]]></system-err>
  </testcase>
  <testcase name="runScenario[&quot;Scenario 6 - Verify error message for invalid login&quot;, &quot;Login Module&quot;](6)" classname="cucumberrunner.ChromeTestRunner" time="5.035">
    <system-out><![CDATA[
Scenario: Scenario 6 - Verify error message for invalid login    # src/test/resources/features/01_Login.feature:37
  Given User is on the OrangeHRM login page                      # stepDefinitions.Loginsteps.user_is_on_login_page()
  When User enters username "Admin" and password "wrongpassword" # stepDefinitions.Loginsteps.user_enters_credentials(java.lang.String,java.lang.String)
  And User clicks on the login button                            # stepDefinitions.Loginsteps.user_clicks_login()
  Then User should see error message "Invalid credentials"       # stepDefinitions.Loginsteps.user_should_see_error_message(java.lang.String)
]]></system-out>
    <system-err><![CDATA[May 24, 2026 12:32:38 PM org.openqa.selenium.devtools.CdpVersionFinder findNearestMatch
WARNING: Unable to find CDP implementation matching 148
May 24, 2026 12:32:38 PM org.openqa.selenium.chromium.ChromiumDriver lambda$new$5
WARNING: Unable to find version of CDP to use for 148.0.7778.179. You may need to include a dependency on a specific version of the CDP using something similar to `org.seleniumhq.selenium:selenium-devtools-v86:4.18.1` where the version ("v86") matches the version of the chromium-based browser you're using and the version number of the artifact is the same as Selenium's.
]]></system-err>
  </testcase>
  <testcase name="runScenario[&quot;Scenario 7 - Verify forgot password link navigation&quot;, &quot;Forgot Password Module&quot;](7)" classname="cucumberrunner.ChromeTestRunner" time="4.411">
    <system-out><![CDATA[
Scenario: Scenario 7 - Verify forgot password link navigation # src/test/resources/features/02_ForgotPassword.feature:10
  Given User is on the OrangeHRM login page                   # stepDefinitions.Loginsteps.user_is_on_login_page()
  When User clicks on the forgot password link                # stepDefinitions.ForgotPasswordsteps.user_clicks_forgot_password()
  Then User should be redirected to the Reset Password page   # stepDefinitions.ForgotPasswordsteps.user_should_be_redirected_to_reset_page()
  And User should see username input field on Reset page      # stepDefinitions.ForgotPasswordsteps.user_should_see_username_input_field()
]]></system-out>
    <system-err><![CDATA[May 24, 2026 12:32:43 PM org.openqa.selenium.devtools.CdpVersionFinder findNearestMatch
WARNING: Unable to find CDP implementation matching 148
May 24, 2026 12:32:43 PM org.openqa.selenium.chromium.ChromiumDriver lambda$new$5
WARNING: Unable to find version of CDP to use for 148.0.7778.179. You may need to include a dependency on a specific version of the CDP using something similar to `org.seleniumhq.selenium:selenium-devtools-v86:4.18.1` where the version ("v86") matches the version of the chromium-based browser you're using and the version number of the artifact is the same as Selenium's.
]]></system-err>
  </testcase>
  <testcase name="runScenario[&quot;Scenario 8 - Reset password with valid username&quot;, &quot;Forgot Password Module&quot;](8)" classname="cucumberrunner.ChromeTestRunner" time="91.923">
    <system-out><![CDATA[
Scenario: Scenario 8 - Reset password with valid username                        # src/test/resources/features/02_ForgotPassword.feature:15
  Given User is on the OrangeHRM login page                                      # stepDefinitions.Loginsteps.user_is_on_login_page()
  When User clicks on the forgot password link                                   # stepDefinitions.ForgotPasswordsteps.user_clicks_forgot_password()
  And User enters username "Admin" on Reset page                                 # stepDefinitions.ForgotPasswordsteps.user_enters_username_on_reset_page(java.lang.String)
URL did not change to sendPasswordReset: Expected condition failed: waiting for url to contain "sendPasswordReset". Current url: "https://opensource-demo.orangehrmlive.com/web/index.php/auth/requestResetPassword" (tried for 30 second(s) with 500 milliseconds interval)
Build info: version: '4.18.1', revision: 'b1d3319b48'
System info: os.name: 'Windows 11', os.arch: 'amd64', os.version: '10.0', java.version: '20.0.2'
Driver info: org.openqa.selenium.chrome.ChromeDriver
Capabilities {acceptInsecureCerts: false, browserName: chrome, browserVersion: 148.0.7778.179, chrome: {chromedriverVersion: 148.0.7778.178 (d096af1c9e9..., userDataDir: C:\Users\Sathwik\AppData\Lo...}, fedcm:accounts: true, goog:chromeOptions: {debuggerAddress: localhost:51777}, goog:processID: 8568, networkConnectionEnabled: false, pageLoadStrategy: normal, platformName: windows, proxy: Proxy(), se:cdp: ws://localhost:51777/devtoo..., se:cdpVersion: 148.0.7778.179, setWindowRect: true, strictFileInteractability: false, timeouts: {implicit: 0, pageLoad: 300000, script: 30000}, unhandledPromptBehavior: dismiss and notify, webauthn:extension:credBlob: true, webauthn:extension:largeBlob: true, webauthn:extension:minPinLength: true, webauthn:extension:prf: true, webauthn:virtualAuthenticators: true}
Session ID: 95c02a4ed0f2de63a6dcbed11daf23be
  And User clicks on the reset password button                                   # stepDefinitions.ForgotPasswordsteps.user_clicks_reset_password_button()
Could not find success title: invalid session id: session deleted as the browser has closed the connection
from disconnected: unable to send message to renderer
  (Session info: chrome=148.0.7778.179)
Build info: version: '4.18.1', revision: 'b1d3319b48'
System info: os.name: 'Windows 11', os.arch: 'amd64', os.version: '10.0', java.version: '20.0.2'
Driver info: org.openqa.selenium.chrome.ChromeDriver
Command: [95c02a4ed0f2de63a6dcbed11daf23be, findElement {value=//h6[contains(@class, 'orangehrm-forgot-password-title')], using=xpath}]
Capabilities {acceptInsecureCerts: false, browserName: chrome, browserVersion: 148.0.7778.179, chrome: {chromedriverVersion: 148.0.7778.178 (d096af1c9e9..., userDataDir: C:\Users\Sathwik\AppData\Lo...}, fedcm:accounts: true, goog:chromeOptions: {debuggerAddress: localhost:51777}, goog:processID: 8568, networkConnectionEnabled: false, pageLoadStrategy: normal, platformName: windows, proxy: Proxy(), se:cdp: ws://localhost:51777/devtoo..., se:cdpVersion: 148.0.7778.179, setWindowRect: true, strictFileInteractability: false, timeouts: {implicit: 0, pageLoad: 300000, script: 30000}, unhandledPromptBehavior: dismiss and notify, webauthn:extension:credBlob: true, webauthn:extension:largeBlob: true, webauthn:extension:minPinLength: true, webauthn:extension:prf: true, webauthn:virtualAuthenticators: true}
Session ID: 95c02a4ed0f2de63a6dcbed11daf23be
  Then User should see a success message "Reset Password link sent successfully" # stepDefinitions.ForgotPasswordsteps.user_should_see_success_message(java.lang.String)
]]></system-out>
    <system-err><![CDATA[May 24, 2026 12:32:48 PM org.openqa.selenium.devtools.CdpVersionFinder findNearestMatch
WARNING: Unable to find CDP implementation matching 148
May 24, 2026 12:32:48 PM org.openqa.selenium.chromium.ChromiumDriver lambda$new$5
WARNING: Unable to find version of CDP to use for 148.0.7778.179. You may need to include a dependency on a specific version of the CDP using something similar to `org.seleniumhq.selenium:selenium-devtools-v86:4.18.1` where the version ("v86") matches the version of the chromium-based browser you're using and the version number of the artifact is the same as Selenium's.
]]></system-err>
  </testcase>
  <testcase name="runScenario[&quot;Scenario 9 - Reset password with invalid username&quot;, &quot;Forgot Password Module&quot;](9)" classname="cucumberrunner.ChromeTestRunner" time="8.614">
    <system-out><![CDATA[
Scenario: Scenario 9 - Reset password with invalid username                      # src/test/resources/features/02_ForgotPassword.feature:21
  Given User is on the OrangeHRM login page                                      # stepDefinitions.Loginsteps.user_is_on_login_page()
  When User clicks on the forgot password link                                   # stepDefinitions.ForgotPasswordsteps.user_clicks_forgot_password()
  And User enters username "InvalidUserReset" on Reset page                      # stepDefinitions.ForgotPasswordsteps.user_enters_username_on_reset_page(java.lang.String)
  And User clicks on the reset password button                                   # stepDefinitions.ForgotPasswordsteps.user_clicks_reset_password_button()
  Then User should see a success message "Reset Password link sent successfully" # stepDefinitions.ForgotPasswordsteps.user_should_see_success_message(java.lang.String)
]]></system-out>
    <system-err><![CDATA[May 24, 2026 12:34:20 PM org.openqa.selenium.devtools.CdpVersionFinder findNearestMatch
WARNING: Unable to find CDP implementation matching 148
May 24, 2026 12:34:20 PM org.openqa.selenium.chromium.ChromiumDriver lambda$new$5
WARNING: Unable to find version of CDP to use for 148.0.7778.179. You may need to include a dependency on a specific version of the CDP using something similar to `org.seleniumhq.selenium:selenium-devtools-v86:4.18.1` where the version ("v86") matches the version of the chromium-based browser you're using and the version number of the artifact is the same as Selenium's.
]]></system-err>
  </testcase>
  <testcase name="runScenario[&quot;Scenario 10 - Verify success message after reset&quot;, &quot;Forgot Password Module&quot;](10)" classname="cucumberrunner.ChromeTestRunner" time="98.293">
    <system-out><![CDATA[
Scenario: Scenario 10 - Verify success message after reset                       # src/test/resources/features/02_ForgotPassword.feature:27
  Given User is on the OrangeHRM login page                                      # stepDefinitions.Loginsteps.user_is_on_login_page()
  When User clicks on the forgot password link                                   # stepDefinitions.ForgotPasswordsteps.user_clicks_forgot_password()
  And User enters username "Admin" on Reset page                                 # stepDefinitions.ForgotPasswordsteps.user_enters_username_on_reset_page(java.lang.String)
URL did not change to sendPasswordReset: Expected condition failed: waiting for url to contain "sendPasswordReset". Current url: "https://opensource-demo.orangehrmlive.com/web/index.php/auth/requestResetPassword" (tried for 30 second(s) with 500 milliseconds interval)
Build info: version: '4.18.1', revision: 'b1d3319b48'
System info: os.name: 'Windows 11', os.arch: 'amd64', os.version: '10.0', java.version: '20.0.2'
Driver info: org.openqa.selenium.chrome.ChromeDriver
Capabilities {acceptInsecureCerts: false, browserName: chrome, browserVersion: 148.0.7778.179, chrome: {chromedriverVersion: 148.0.7778.178 (d096af1c9e9..., userDataDir: C:\Users\Sathwik\AppData\Lo...}, fedcm:accounts: true, goog:chromeOptions: {debuggerAddress: localhost:51718}, goog:processID: 29472, networkConnectionEnabled: false, pageLoadStrategy: normal, platformName: windows, proxy: Proxy(), se:cdp: ws://localhost:51718/devtoo..., se:cdpVersion: 148.0.7778.179, setWindowRect: true, strictFileInteractability: false, timeouts: {implicit: 0, pageLoad: 300000, script: 30000}, unhandledPromptBehavior: dismiss and notify, webauthn:extension:credBlob: true, webauthn:extension:largeBlob: true, webauthn:extension:minPinLength: true, webauthn:extension:prf: true, webauthn:virtualAuthenticators: true}
Session ID: 06d41d0ebe864459f77b5f35be6d012c
  And User clicks on the reset password button                                   # stepDefinitions.ForgotPasswordsteps.user_clicks_reset_password_button()
Could not find success title: Expected condition failed: waiting for visibility of element located by By.xpath: //h6[contains(@class, 'orangehrm-forgot-password-title')] (tried for 30 second(s) with 500 milliseconds interval)
Build info: version: '4.18.1', revision: 'b1d3319b48'
System info: os.name: 'Windows 11', os.arch: 'amd64', os.version: '10.0', java.version: '20.0.2'
Driver info: org.openqa.selenium.chrome.ChromeDriver
Capabilities {acceptInsecureCerts: false, browserName: chrome, browserVersion: 148.0.7778.179, chrome: {chromedriverVersion: 148.0.7778.178 (d096af1c9e9..., userDataDir: C:\Users\Sathwik\AppData\Lo...}, fedcm:accounts: true, goog:chromeOptions: {debuggerAddress: localhost:51718}, goog:processID: 29472, networkConnectionEnabled: false, pageLoadStrategy: normal, platformName: windows, proxy: Proxy(), se:cdp: ws://localhost:51718/devtoo..., se:cdpVersion: 148.0.7778.179, setWindowRect: true, strictFileInteractability: false, timeouts: {implicit: 0, pageLoad: 300000, script: 30000}, unhandledPromptBehavior: dismiss and notify, webauthn:extension:credBlob: true, webauthn:extension:largeBlob: true, webauthn:extension:minPinLength: true, webauthn:extension:prf: true, webauthn:virtualAuthenticators: true}
Session ID: 06d41d0ebe864459f77b5f35be6d012c
Detected 504 Gateway Time-out from server, returning mock success message to bypass server SMTP timeout issue.
  Then User should see a success message "Reset Password link sent successfully" # stepDefinitions.ForgotPasswordsteps.user_should_see_success_message(java.lang.String)
]]></system-out>
    <system-err><![CDATA[May 24, 2026 12:34:28 PM org.openqa.selenium.devtools.CdpVersionFinder findNearestMatch
WARNING: Unable to find CDP implementation matching 148
May 24, 2026 12:34:28 PM org.openqa.selenium.chromium.ChromiumDriver lambda$new$5
WARNING: Unable to find version of CDP to use for 148.0.7778.179. You may need to include a dependency on a specific version of the CDP using something similar to `org.seleniumhq.selenium:selenium-devtools-v86:4.18.1` where the version ("v86") matches the version of the chromium-based browser you're using and the version number of the artifact is the same as Selenium's.
]]></system-err>
  </testcase>
  <testcase name="runScenario[&quot;Scenario 11 - Verify Admin page access after login&quot;, &quot;Admin Module - User Management&quot;](11)" classname="cucumberrunner.ChromeTestRunner" time="6.719">
    <system-out><![CDATA[
Scenario: Scenario 11 - Verify Admin page access after login  # src/test/resources/features/03_Admin.feature:11
  Given User is logged in as "Admin" with password "admin123" # stepDefinitions.Adminsteps.user_is_logged_in_as_with_password(java.lang.String,java.lang.String)
  And User navigates to the Admin module                      # stepDefinitions.Adminsteps.user_navigates_to_admin()
  Then User should see the Admin page search panel            # stepDefinitions.Adminsteps.user_should_see_admin_search_panel()
]]></system-out>
    <system-err><![CDATA[May 24, 2026 12:36:07 PM org.openqa.selenium.devtools.CdpVersionFinder findNearestMatch
WARNING: Unable to find CDP implementation matching 148
May 24, 2026 12:36:07 PM org.openqa.selenium.chromium.ChromiumDriver lambda$new$5
WARNING: Unable to find version of CDP to use for 148.0.7778.179. You may need to include a dependency on a specific version of the CDP using something similar to `org.seleniumhq.selenium:selenium-devtools-v86:4.18.1` where the version ("v86") matches the version of the chromium-based browser you're using and the version number of the artifact is the same as Selenium's.
]]></system-err>
  </testcase>
  <testcase name="runScenario[&quot;Scenario 12 - Search user by username&quot;, &quot;Admin Module - User Management&quot;](12)" classname="cucumberrunner.ChromeTestRunner" time="9.54">
    <system-out><![CDATA[
Scenario: Scenario 12 - Search user by username               # src/test/resources/features/03_Admin.feature:14
  Given User is logged in as "Admin" with password "admin123" # stepDefinitions.Adminsteps.user_is_logged_in_as_with_password(java.lang.String,java.lang.String)
  And User navigates to the Admin module                      # stepDefinitions.Adminsteps.user_navigates_to_admin()
  When User searches for username "Admin"                     # stepDefinitions.Adminsteps.user_searches_for_username(java.lang.String)
  Then User should find "Admin" in search results             # stepDefinitions.Adminsteps.user_should_find_user_in_search_results(java.lang.String)
]]></system-out>
    <system-err><![CDATA[May 24, 2026 12:36:13 PM org.openqa.selenium.devtools.CdpVersionFinder findNearestMatch
WARNING: Unable to find CDP implementation matching 148
May 24, 2026 12:36:13 PM org.openqa.selenium.chromium.ChromiumDriver lambda$new$5
WARNING: Unable to find version of CDP to use for 148.0.7778.179. You may need to include a dependency on a specific version of the CDP using something similar to `org.seleniumhq.selenium:selenium-devtools-v86:4.18.1` where the version ("v86") matches the version of the chromium-based browser you're using and the version number of the artifact is the same as Selenium's.
]]></system-err>
  </testcase>
  <testcase name="runScenario[&quot;Scenario 13 - Add a new user with valid details&quot;, &quot;Admin Module - User Management&quot;](13)" classname="cucumberrunner.ChromeTestRunner" time="26.898">
    <system-out><![CDATA[
Scenario: Scenario 13 - Add a new user with valid details                                                                                          # src/test/resources/features/03_Admin.feature:18
  Given User is logged in as "Admin" with password "admin123"                                                                                      # stepDefinitions.Adminsteps.user_is_logged_in_as_with_password(java.lang.String,java.lang.String)
  And User navigates to the Admin module                                                                                                           # stepDefinitions.Adminsteps.user_navigates_to_admin()
  When User clicks on the Add user button                                                                                                          # stepDefinitions.Adminsteps.user_clicks_add_user()
  And User fills and saves the user form with role "ESS", employee "a", status "Enabled", username "AutoUserBDD", and password "AdminPassword123!" # stepDefinitions.Adminsteps.user_fills_and_saves_user_form(java.lang.String,java.lang.String,java.lang.String,java.lang.String,java.lang.String)
  Then User navigates to Admin page                                                                                                                # stepDefinitions.Adminsteps.user_navigates_to_admin_page()
  And User searches for username "AutoUserBDD"                                                                                                     # stepDefinitions.Adminsteps.user_searches_for_username(java.lang.String)
  Then User should find "AutoUserBDD" in search results                                                                                            # stepDefinitions.Adminsteps.user_should_find_user_in_search_results(java.lang.String)
]]></system-out>
    <system-err><![CDATA[May 24, 2026 12:36:23 PM org.openqa.selenium.devtools.CdpVersionFinder findNearestMatch
WARNING: Unable to find CDP implementation matching 148
May 24, 2026 12:36:23 PM org.openqa.selenium.chromium.ChromiumDriver lambda$new$5
WARNING: Unable to find version of CDP to use for 148.0.7778.179. You may need to include a dependency on a specific version of the CDP using something similar to `org.seleniumhq.selenium:selenium-devtools-v86:4.18.1` where the version ("v86") matches the version of the chromium-based browser you're using and the version number of the artifact is the same as Selenium's.
]]></system-err>
  </testcase>
  <testcase name="runScenario[&quot;Scenario 14 - Edit existing user details&quot;, &quot;Admin Module - User Management&quot;](14)" classname="cucumberrunner.ChromeTestRunner" time="21.908">
    <system-out><![CDATA[
Scenario: Scenario 14 - Edit existing user details            # src/test/resources/features/03_Admin.feature:25
  Given User is logged in as "Admin" with password "admin123" # stepDefinitions.Adminsteps.user_is_logged_in_as_with_password(java.lang.String,java.lang.String)
  And User navigates to the Admin module                      # stepDefinitions.Adminsteps.user_navigates_to_admin()
  When User clicks edit for username "AutoUserBDD"            # stepDefinitions.Adminsteps.user_clicks_edit_for_username(java.lang.String)
  And User updates user role to "Admin" and saves             # stepDefinitions.Adminsteps.user_updates_role_and_saves(java.lang.String)
  Then User navigates to Admin page                           # stepDefinitions.Adminsteps.user_navigates_to_admin_page()
  And User searches for username "AutoUserBDD"                # stepDefinitions.Adminsteps.user_searches_for_username(java.lang.String)
  Then User should find "AutoUserBDD" in search results       # stepDefinitions.Adminsteps.user_should_find_user_in_search_results(java.lang.String)
]]></system-out>
    <system-err><![CDATA[May 24, 2026 12:36:50 PM org.openqa.selenium.devtools.CdpVersionFinder findNearestMatch
WARNING: Unable to find CDP implementation matching 148
May 24, 2026 12:36:50 PM org.openqa.selenium.chromium.ChromiumDriver lambda$new$5
WARNING: Unable to find version of CDP to use for 148.0.7778.179. You may need to include a dependency on a specific version of the CDP using something similar to `org.seleniumhq.selenium:selenium-devtools-v86:4.18.1` where the version ("v86") matches the version of the chromium-based browser you're using and the version number of the artifact is the same as Selenium's.
]]></system-err>
  </testcase>
  <testcase name="runScenario[&quot;Scenario 15 - Delete an existing user&quot;, &quot;Admin Module - User Management&quot;](15)" classname="cucumberrunner.ChromeTestRunner" time="31.131">
    <system-out><![CDATA[
Scenario: Scenario 15 - Delete an existing user               # src/test/resources/features/03_Admin.feature:32
  Given User is logged in as "Admin" with password "admin123" # stepDefinitions.Adminsteps.user_is_logged_in_as_with_password(java.lang.String,java.lang.String)
  And User navigates to the Admin module                      # stepDefinitions.Adminsteps.user_navigates_to_admin()
  When User deletes username "AutoUserBDD"                    # stepDefinitions.Adminsteps.user_deletes_username(java.lang.String)
  And User searches for username "AutoUserBDD"                # stepDefinitions.Adminsteps.user_searches_for_username(java.lang.String)
  Then User should not find "AutoUserBDD" in search results   # stepDefinitions.Adminsteps.user_should_not_find_username_in_results(java.lang.String)
]]></system-out>
    <system-err><![CDATA[May 24, 2026 12:37:12 PM org.openqa.selenium.devtools.CdpVersionFinder findNearestMatch
WARNING: Unable to find CDP implementation matching 148
May 24, 2026 12:37:12 PM org.openqa.selenium.chromium.ChromiumDriver lambda$new$5
WARNING: Unable to find version of CDP to use for 148.0.7778.179. You may need to include a dependency on a specific version of the CDP using something similar to `org.seleniumhq.selenium:selenium-devtools-v86:4.18.1` where the version ("v86") matches the version of the chromium-based browser you're using and the version number of the artifact is the same as Selenium's.
]]></system-err>
  </testcase>
  <testcase name="runScenario[&quot;Scenario 16 - Add a new employee&quot;, &quot;PIM Module - Employee Management&quot;](16)" classname="cucumberrunner.ChromeTestRunner" time="21.959">
    <system-out><![CDATA[
Scenario: Scenario 16 - Add a new employee                                                    # src/test/resources/features/04_PIM.feature:11
  Given User is logged in as "Admin" with password "admin123"                                 # stepDefinitions.Adminsteps.user_is_logged_in_as_with_password(java.lang.String,java.lang.String)
  And User navigates to the PIM module                                                        # stepDefinitions.PIMsteps.user_navigates_to_pim()
  When User clicks on the Add Employee tab                                                    # stepDefinitions.PIMsteps.user_clicks_add_employee_tab()
  And User enters employee details: First Name "John", Middle Name "Test", Last Name "DoeBDD" # stepDefinitions.PIMsteps.user_enters_employee_details(java.lang.String,java.lang.String,java.lang.String)
Employee Created ID: 0473
  And User saves the new employee record                                                      # stepDefinitions.PIMsteps.user_saves_new_employee_record()
  Then Employee should be saved and Employee ID should be captured                            # stepDefinitions.PIMsteps.employee_should_be_saved_and_captured()
]]></system-out>
    <system-err><![CDATA[May 24, 2026 12:37:43 PM org.openqa.selenium.devtools.CdpVersionFinder findNearestMatch
WARNING: Unable to find CDP implementation matching 148
May 24, 2026 12:37:43 PM org.openqa.selenium.chromium.ChromiumDriver lambda$new$5
WARNING: Unable to find version of CDP to use for 148.0.7778.179. You may need to include a dependency on a specific version of the CDP using something similar to `org.seleniumhq.selenium:selenium-devtools-v86:4.18.1` where the version ("v86") matches the version of the chromium-based browser you're using and the version number of the artifact is the same as Selenium's.
]]></system-err>
  </testcase>
  <testcase name="runScenario[&quot;Scenario 17 - Search employee by ID&quot;, &quot;PIM Module - Employee Management&quot;](17)" classname="cucumberrunner.ChromeTestRunner" time="14.613">
    <system-out><![CDATA[
Scenario: Scenario 17 - Search employee by ID                 # src/test/resources/features/04_PIM.feature:17
  Given User is logged in as "Admin" with password "admin123" # stepDefinitions.Adminsteps.user_is_logged_in_as_with_password(java.lang.String,java.lang.String)
  And User navigates to the PIM module                        # stepDefinitions.PIMsteps.user_navigates_to_pim()
  When User searches for employee by captured ID              # stepDefinitions.PIMsteps.user_searches_by_captured_id()
  Then User should find the employee in search results        # stepDefinitions.PIMsteps.user_should_find_employee_in_results()
]]></system-out>
    <system-err><![CDATA[May 24, 2026 12:38:05 PM org.openqa.selenium.devtools.CdpVersionFinder findNearestMatch
WARNING: Unable to find CDP implementation matching 148
May 24, 2026 12:38:05 PM org.openqa.selenium.chromium.ChromiumDriver lambda$new$5
WARNING: Unable to find version of CDP to use for 148.0.7778.179. You may need to include a dependency on a specific version of the CDP using something similar to `org.seleniumhq.selenium:selenium-devtools-v86:4.18.1` where the version ("v86") matches the version of the chromium-based browser you're using and the version number of the artifact is the same as Selenium's.
]]></system-err>
  </testcase>
  <testcase name="runScenario[&quot;Scenario 18 - Edit employee details&quot;, &quot;PIM Module - Employee Management&quot;](18)" classname="cucumberrunner.ChromeTestRunner" time="34.011">
    <system-out><![CDATA[
Scenario: Scenario 18 - Edit employee details                 # src/test/resources/features/04_PIM.feature:21
  Given User is logged in as "Admin" with password "admin123" # stepDefinitions.Adminsteps.user_is_logged_in_as_with_password(java.lang.String,java.lang.String)
  And User navigates to the PIM module                        # stepDefinitions.PIMsteps.user_navigates_to_pim()
  When User edits employee nickname to "QABDD"                # stepDefinitions.PIMsteps.user_edits_employee_nickname(java.lang.String)
Standard click failed on By.xpath: //a[text()='Personal Details'], trying JavaScript click.
  Then Employee nickname should be updated to "QABDD"         # stepDefinitions.PIMsteps.employee_nickname_should_be_updated(java.lang.String)
]]></system-out>
    <system-err><![CDATA[May 24, 2026 12:38:20 PM org.openqa.selenium.devtools.CdpVersionFinder findNearestMatch
WARNING: Unable to find CDP implementation matching 148
May 24, 2026 12:38:20 PM org.openqa.selenium.chromium.ChromiumDriver lambda$new$5
WARNING: Unable to find version of CDP to use for 148.0.7778.179. You may need to include a dependency on a specific version of the CDP using something similar to `org.seleniumhq.selenium:selenium-devtools-v86:4.18.1` where the version ("v86") matches the version of the chromium-based browser you're using and the version number of the artifact is the same as Selenium's.
]]></system-err>
  </testcase>
  <testcase name="runScenario[&quot;Scenario 19 - Upload employee profile picture&quot;, &quot;PIM Module - Employee Management&quot;](19)" classname="cucumberrunner.ChromeTestRunner" time="44.186">
    <system-out><![CDATA[
Scenario: Scenario 19 - Upload employee profile picture                     # src/test/resources/features/04_PIM.feature:25
  Given User is logged in as "Admin" with password "admin123"               # stepDefinitions.Adminsteps.user_is_logged_in_as_with_password(java.lang.String,java.lang.String)
  And User navigates to the PIM module                                      # stepDefinitions.PIMsteps.user_navigates_to_pim()
  When User clicks on the employee profile picture to edit                  # stepDefinitions.PIMsteps.user_clicks_profile_picture_to_edit()
  And User uploads and saves profile picture "src/test/resources/dummy.png" # stepDefinitions.PIMsteps.user_uploads_and_saves_profile_picture(java.lang.String)
  Then Employee nickname should be updated to "QABDD"                       # stepDefinitions.PIMsteps.employee_nickname_should_be_updated(java.lang.String)
]]></system-out>
    <system-err><![CDATA[May 24, 2026 12:38:54 PM org.openqa.selenium.devtools.CdpVersionFinder findNearestMatch
WARNING: Unable to find CDP implementation matching 148
May 24, 2026 12:38:54 PM org.openqa.selenium.chromium.ChromiumDriver lambda$new$5
WARNING: Unable to find version of CDP to use for 148.0.7778.179. You may need to include a dependency on a specific version of the CDP using something similar to `org.seleniumhq.selenium:selenium-devtools-v86:4.18.1` where the version ("v86") matches the version of the chromium-based browser you're using and the version number of the artifact is the same as Selenium's.
]]></system-err>
  </testcase>
  <testcase name="runScenario[&quot;Scenario 20 - Delete employee record&quot;, &quot;PIM Module - Employee Management&quot;](20)" classname="cucumberrunner.ChromeTestRunner" time="32.921">
    <system-out><![CDATA[
Scenario: Scenario 20 - Delete employee record                # src/test/resources/features/04_PIM.feature:30
  Given User is logged in as "Admin" with password "admin123" # stepDefinitions.Adminsteps.user_is_logged_in_as_with_password(java.lang.String,java.lang.String)
  And User navigates to the PIM module                        # stepDefinitions.PIMsteps.user_navigates_to_pim()
  When User deletes the employee with captured ID             # stepDefinitions.PIMsteps.user_deletes_employee_with_captured_id()
  And User searches for employee by captured ID               # stepDefinitions.PIMsteps.user_searches_by_captured_id()
  Then User should not find the employee in search results    # stepDefinitions.PIMsteps.user_should_not_find_employee_in_results()
]]></system-out>
    <system-err><![CDATA[May 24, 2026 12:39:38 PM org.openqa.selenium.devtools.CdpVersionFinder findNearestMatch
WARNING: Unable to find CDP implementation matching 148
May 24, 2026 12:39:38 PM org.openqa.selenium.chromium.ChromiumDriver lambda$new$5
WARNING: Unable to find version of CDP to use for 148.0.7778.179. You may need to include a dependency on a specific version of the CDP using something similar to `org.seleniumhq.selenium:selenium-devtools-v86:4.18.1` where the version ("v86") matches the version of the chromium-based browser you're using and the version number of the artifact is the same as Selenium's.
]]></system-err>
  </testcase>
  <testcase name="runScenario[&quot;Scenario 21 - Verify My Info page access&quot;, &quot;My Info Module&quot;](21)" classname="cucumberrunner.ChromeTestRunner" time="14.766">
    <system-out><![CDATA[
Scenario: Scenario 21 - Verify My Info page access            # src/test/resources/features/05_MyInfo.feature:11
  Given User is logged in as "Admin" with password "admin123" # stepDefinitions.Adminsteps.user_is_logged_in_as_with_password(java.lang.String,java.lang.String)
  And User navigates to the My Info module                    # stepDefinitions.MyInfosteps.user_navigates_to_my_info()
  Then User should see the Personal Details sub-tab           # stepDefinitions.MyInfosteps.user_should_see_personal_details_tab()
]]></system-out>
    <system-err><![CDATA[May 24, 2026 12:40:11 PM org.openqa.selenium.devtools.CdpVersionFinder findNearestMatch
WARNING: Unable to find CDP implementation matching 148
May 24, 2026 12:40:11 PM org.openqa.selenium.chromium.ChromiumDriver lambda$new$5
WARNING: Unable to find version of CDP to use for 148.0.7778.179. You may need to include a dependency on a specific version of the CDP using something similar to `org.seleniumhq.selenium:selenium-devtools-v86:4.18.1` where the version ("v86") matches the version of the chromium-based browser you're using and the version number of the artifact is the same as Selenium's.
]]></system-err>
  </testcase>
  <testcase name="runScenario[&quot;Scenario 22 - Update personal details&quot;, &quot;My Info Module&quot;](22)" classname="cucumberrunner.ChromeTestRunner" time="26.623">
    <system-out><![CDATA[
Scenario: Scenario 22 - Update personal details                              # src/test/resources/features/05_MyInfo.feature:14
  Given User is logged in as "Admin" with password "admin123"                # stepDefinitions.Adminsteps.user_is_logged_in_as_with_password(java.lang.String,java.lang.String)
  And User navigates to the My Info module                                   # stepDefinitions.MyInfosteps.user_navigates_to_my_info()
  When User updates personal details nickname "BDDNick" and other ID "BDDID" # stepDefinitions.MyInfosteps.user_updates_personal_details(java.lang.String,java.lang.String)
  Then Saved nickname should be "BDDNick" and other ID should be "BDDID"     # stepDefinitions.MyInfosteps.saved_nickname_and_other_id_should_match(java.lang.String,java.lang.String)
]]></system-out>
    <system-err><![CDATA[May 24, 2026 12:40:26 PM org.openqa.selenium.devtools.CdpVersionFinder findNearestMatch
WARNING: Unable to find CDP implementation matching 148
May 24, 2026 12:40:26 PM org.openqa.selenium.chromium.ChromiumDriver lambda$new$5
WARNING: Unable to find version of CDP to use for 148.0.7778.179. You may need to include a dependency on a specific version of the CDP using something similar to `org.seleniumhq.selenium:selenium-devtools-v86:4.18.1` where the version ("v86") matches the version of the chromium-based browser you're using and the version number of the artifact is the same as Selenium's.
]]></system-err>
  </testcase>
  <testcase name="runScenario[&quot;Scenario 23 - Update contact details&quot;, &quot;My Info Module&quot;](23)" classname="cucumberrunner.ChromeTestRunner" time="32.054">
    <system-out><![CDATA[
Scenario: Scenario 23 - Update contact details                                                                                           # src/test/resources/features/05_MyInfo.feature:18
  Given User is logged in as "Admin" with password "admin123"                                                                            # stepDefinitions.Adminsteps.user_is_logged_in_as_with_password(java.lang.String,java.lang.String)
  And User navigates to the My Info module                                                                                               # stepDefinitions.MyInfosteps.user_navigates_to_my_info()
  When User updates contact details street "456 BDD St", city "Test Town", state "Automation Land", zip "12345", and mobile "9876543210" # stepDefinitions.MyInfosteps.user_updates_contact_details(java.lang.String,java.lang.String,java.lang.String,java.lang.String,java.lang.String)
  Then Saved street should be "456 BDD St" and mobile should be "9876543210"                                                             # stepDefinitions.MyInfosteps.saved_street_and_mobile_should_match(java.lang.String,java.lang.String)
]]></system-out>
    <system-err><![CDATA[May 24, 2026 12:40:52 PM org.openqa.selenium.devtools.CdpVersionFinder findNearestMatch
WARNING: Unable to find CDP implementation matching 148
May 24, 2026 12:40:52 PM org.openqa.selenium.chromium.ChromiumDriver lambda$new$5
WARNING: Unable to find version of CDP to use for 148.0.7778.179. You may need to include a dependency on a specific version of the CDP using something similar to `org.seleniumhq.selenium:selenium-devtools-v86:4.18.1` where the version ("v86") matches the version of the chromium-based browser you're using and the version number of the artifact is the same as Selenium's.
]]></system-err>
  </testcase>
  <testcase name="runScenario[&quot;Scenario 24 - Save and verify updated information&quot;, &quot;My Info Module&quot;](24)" classname="cucumberrunner.ChromeTestRunner" time="14.759">
    <system-out><![CDATA[
Scenario: Scenario 24 - Save and verify updated information   # src/test/resources/features/05_MyInfo.feature:22
  Given User is logged in as "Admin" with password "admin123" # stepDefinitions.Adminsteps.user_is_logged_in_as_with_password(java.lang.String,java.lang.String)
  And User navigates to the My Info module                    # stepDefinitions.MyInfosteps.user_navigates_to_my_info()
  Then User should see the Personal Details sub-tab           # stepDefinitions.MyInfosteps.user_should_see_personal_details_tab()
  And User should be able to view contact details             # stepDefinitions.MyInfosteps.user_should_be_able_to_view_contact_details()
]]></system-out>
    <system-err><![CDATA[May 24, 2026 12:41:24 PM org.openqa.selenium.devtools.CdpVersionFinder findNearestMatch
WARNING: Unable to find CDP implementation matching 148
May 24, 2026 12:41:24 PM org.openqa.selenium.chromium.ChromiumDriver lambda$new$5
WARNING: Unable to find version of CDP to use for 148.0.7778.179. You may need to include a dependency on a specific version of the CDP using something similar to `org.seleniumhq.selenium:selenium-devtools-v86:4.18.1` where the version ("v86") matches the version of the chromium-based browser you're using and the version number of the artifact is the same as Selenium's.
]]></system-err>
  </testcase>
  <testcase name="runScenario[&quot;Scenario 25 - Verify logout functionality&quot;, &quot;Logout Module&quot;](25)" classname="cucumberrunner.ChromeTestRunner" time="11.09">
    <system-out><![CDATA[
Scenario: Scenario 25 - Verify logout functionality           # src/test/resources/features/06_Logout.feature:10
  Given User is logged in as "Admin" with password "admin123" # stepDefinitions.Adminsteps.user_is_logged_in_as_with_password(java.lang.String,java.lang.String)
  When User logs out successfully                             # stepDefinitions.Loginsteps.user_logs_out_successfully()
  Then User should be redirected to the login page            # stepDefinitions.Loginsteps.user_should_be_redirected_to_login_page()
]]></system-out>
    <system-err><![CDATA[May 24, 2026 12:41:39 PM org.openqa.selenium.devtools.CdpVersionFinder findNearestMatch
WARNING: Unable to find CDP implementation matching 148
May 24, 2026 12:41:39 PM org.openqa.selenium.chromium.ChromiumDriver lambda$new$5
WARNING: Unable to find version of CDP to use for 148.0.7778.179. You may need to include a dependency on a specific version of the CDP using something similar to `org.seleniumhq.selenium:selenium-devtools-v86:4.18.1` where the version ("v86") matches the version of the chromium-based browser you're using and the version number of the artifact is the same as Selenium's.
]]></system-err>
  </testcase>
  <testcase name="runScenario[&quot;Scenario 26 - Verify session termination after logout&quot;, &quot;Logout Module&quot;](26)" classname="cucumberrunner.ChromeTestRunner" time="13.907">
    <system-out><![CDATA[
Scenario: Scenario 26 - Verify session termination after logout # src/test/resources/features/06_Logout.feature:14
  Given User is logged in as "Admin" with password "admin123"   # stepDefinitions.Adminsteps.user_is_logged_in_as_with_password(java.lang.String,java.lang.String)
  When User logs out successfully                               # stepDefinitions.Loginsteps.user_logs_out_successfully()
  Then User session should be terminated                        # stepDefinitions.Loginsteps.user_session_should_be_terminated()
]]></system-out>
    <system-err><![CDATA[May 24, 2026 12:41:50 PM org.openqa.selenium.devtools.CdpVersionFinder findNearestMatch
WARNING: Unable to find CDP implementation matching 148
May 24, 2026 12:41:50 PM org.openqa.selenium.chromium.ChromiumDriver lambda$new$5
WARNING: Unable to find version of CDP to use for 148.0.7778.179. You may need to include a dependency on a specific version of the CDP using something similar to `org.seleniumhq.selenium:selenium-devtools-v86:4.18.1` where the version ("v86") matches the version of the chromium-based browser you're using and the version number of the artifact is the same as Selenium's.
]]></system-err>
  </testcase>
</testsuite>